<?xml version="1.0" encoding="UTF-8"?>
<testng-results ignored="0" total="1" passed="0" failed="1" skipped="0">
  <reporter-output>
  </reporter-output>
  <suite started-at="2025-06-13T17:01:23 IST" name="Default suite" finished-at="2025-06-13T17:01:31 IST" duration-ms="7246">
    <groups>
      <group name="cucumber">
        <method signature="AbstractTestNGCucumberTests.runScenario(io.cucumber.testng.PickleWrapper,io.cucumber.testng.FeatureWrapper)[pri:0, instance:cucumberOptions.TestNGRunner@5386659f]" name="runScenario" class="io.cucumber.testng.AbstractTestNGCucumberTests"/>
      </group> <!-- cucumber -->
    </groups>
    <test started-at="2025-06-13T17:01:23 IST" name="Default test" finished-at="2025-06-13T17:01:31 IST" duration-ms="7246">
      <class name="cucumberOptions.TestNGRunner">
        <test-method is-config="true" signature="setUpClass(org.testng.ITestContext)[pri:0, instance:cucumberOptions.TestNGRunner@5386659f]" started-at="2025-06-13T17:01:24 IST" name="setUpClass" finished-at="2025-06-13T17:01:24 IST" duration-ms="692" status="PASS">
          <params>
            <param index="0">
              <value>
                <![CDATA[org.testng.TestRunner@58496c97]]>
              </value>
            </param>
          </params>
          <reporter-output>
          </reporter-output>
        </test-method> <!-- setUpClass -->
        <test-method signature="runScenario(io.cucumber.testng.PickleWrapper,io.cucumber.testng.FeatureWrapper)[pri:0, instance:cucumberOptions.TestNGRunner@5386659f]" started-at="2025-06-13T17:01:24 IST" name="runScenario" description="Runs Cucumber Scenarios" data-provider="scenarios" finished-at="2025-06-13T17:01:31 IST" duration-ms="6476" status="FAIL">
          <params>
            <param index="0">
              <value>
                <![CDATA["Search experience in both product search and offer search"]]>
              </value>
            </param>
            <param index="1">
              <value>
                <![CDATA["search and place order"]]>
              </value>
            </param>
          </params>
          <exception class="io.cucumber.testng.UndefinedStepException">
            <message>
              <![CDATA[The step 'user search for "tom" shortname in offer page to check product' is undefined.
You can implement this step using the snippet(s) below:

@Then("user search for {string} shortname in offer page to check product")
public void user_search_for_shortname_in_offer_page_to_check_product(String string) {
    // Write code here that turns the phrase above into concrete actions
    throw new io.cucumber.java.PendingException();
}
]]>
            </message>
            <full-stacktrace>
              <![CDATA[io.cucumber.testng.UndefinedStepException: The step 'user search for "tom" shortname in offer page to check product' is undefined.
You can implement this step using the snippet(s) below:

@Then("user search for {string} shortname in offer page to check product")
public void user_search_for_shortname_in_offer_page_to_check_product(String string) {
    // Write code here that turns the phrase above into concrete actions
    throw new io.cucumber.java.PendingException();
}

at ✽.user search for "tom" shortname in offer page to check product(file:///D:/Users/Harika.Sankula/eclipse-workspace/Cucumber/src/test/java/Features/searchProduct.feature:7)
]]>
            </full-stacktrace>
          </exception> <!-- io.cucumber.testng.UndefinedStepException -->
          <reporter-output>
          </reporter-output>
        </test-method> <!-- runScenario -->
        <test-method is-config="true" signature="tearDownClass()[pri:0, instance:cucumberOptions.TestNGRunner@5386659f]" started-at="2025-06-13T17:01:31 IST" name="tearDownClass" finished-at="2025-06-13T17:01:31 IST" duration-ms="27" status="PASS">
          <reporter-output>
          </reporter-output>
        </test-method> <!-- tearDownClass -->
      </class> <!-- cucumberOptions.TestNGRunner -->
    </test> <!-- Default test -->
  </suite> <!-- Default suite -->
</testng-results>
